<?xml version="1.0" encoding="UTF-8"?>
<testng-results skipped="0" failed="0" total="2" passed="2">
  <reporter-output>
  </reporter-output>
  <suite name="Default suite" duration-ms="18515" started-at="2020-08-05T11:13:01Z" finished-at="2020-08-05T11:13:20Z">
    <groups>
    </groups>
    <test name="Default test" duration-ms="18515" started-at="2020-08-05T11:13:01Z" finished-at="2020-08-05T11:13:20Z">
      <class name="MavenProject.MavenProject1.test">
        <test-method status="PASS" signature="beforeTest()[pri:0, instance:MavenProject.MavenProject1.test@c038203]" name="beforeTest" is-config="true" duration-ms="16" started-at="2020-08-05T16:43:01Z" finished-at="2020-08-05T16:43:01Z">
          <reporter-output>
          </reporter-output>
        </test-method> <!-- beforeTest -->
        <test-method status="PASS" signature="google()[pri:0, instance:MavenProject.MavenProject1.test@c038203]" name="google" duration-ms="9758" started-at="2020-08-05T16:43:01Z" finished-at="2020-08-05T16:43:11Z">
          <reporter-output>
          </reporter-output>
        </test-method> <!-- google -->
        <test-method status="PASS" signature="twingo()[pri:0, instance:MavenProject.MavenProject1.test@c038203]" name="twingo" duration-ms="8721" started-at="2020-08-05T16:43:11Z" finished-at="2020-08-05T16:43:20Z">
          <reporter-output>
          </reporter-output>
        </test-method> <!-- twingo -->
      </class> <!-- MavenProject.MavenProject1.test -->
    </test> <!-- Default test -->
  </suite> <!-- Default suite -->
</testng-results>
